Base path: F:/Unity/Editor/Data
Pipe name: \\.\pipe\UnityShaderCompiler-1-8556
Cmd: getPlatforms
Cmd: preprocess
  insize=1725 outsize=1007 ok=1
Cmd: compileSnippet
  api=4 type=0 insize=1020 outsize=1274 kw= ok=1
Cmd: compileSnippet
  api=4 type=1 insize=1020 outsize=908 kw= ok=1
Cmd: preprocess
  insize=1189 outsize=403 ok=1
Cmd: compileSnippet
  api=4 type=0 insize=1088 outsize=1583 kw= ok=1
Cmd: compileSnippet
  api=4 type=1 insize=1088 outsize=1152 kw= ok=1
Cmd: preprocess
  insize=1153 outsize=392 ok=1
Cmd: compileSnippet
  api=4 type=0 insize=1063 outsize=1583 kw= ok=1
Cmd: compileSnippet
  api=4 type=1 insize=1063 outsize=1152 kw= ok=1
Cmd: preprocess
  insize=2965 outsize=1659 ok=1
Cmd: compileSnippet
  api=4 type=0 insize=1612 outsize=2005 kw= ok=1
Cmd: compileSnippet
  api=4 type=1 insize=1612 outsize=2070 kw= ok=1
Cmd: preprocess
  insize=445 outsize=445 ok=1
